<?xml version="1.0" encoding="UTF-8"?>
<!-- Generated by org.testng.reporters.JUnitXMLReporter -->
<testsuite hostname="user-PC" name="Test" tests="1" failures="1" timestamp="15 Aug 2017 17:26:36 GMT" time="11.973" errors="0">
  <testcase name="Login" time="11.942" classname="admin.phptravels.Test2">
    <failure type="java.lang.NullPointerException">
      <![CDATA[java.lang.NullPointerException
	at generic.ScreenShot.captureScreen(ScreenShot.java:18)
	at admin.phptravels.Test2.Login(Test2.java:19)
... Removed 24 stack frames]]>
    </failure>
  </testcase> <!-- Login -->
</testsuite> <!-- Test -->
