<?xml version="1.0" encoding="UTF-8"?>
<!-- Generated by org.testng.reporters.JUnitXMLReporter -->
<testsuite hostname="user-PC" name="Test" tests="1" failures="1" timestamp="14 Aug 2017 08:14:24 GMT" time="0.047" errors="0">
  <testcase name="Login" time="0.015" classname="admin.phptravels.Test1">
    <failure type="java.lang.NullPointerException">
      <![CDATA[java.lang.NullPointerException
	at baseTest.BaseTest.navigate(BaseTest.java:20)
	at admin.phptravels.Test1.Login(Test1.java:12)
... Removed 24 stack frames]]>
    </failure>
  </testcase> <!-- Login -->
</testsuite> <!-- Test -->
