<?xml version="1.0" encoding="UTF-8"?>
<testng-results skipped="0" failed="0" total="1" passed="1">
  <reporter-output>
  </reporter-output>
  <suite name="Suite" duration-ms="7565" started-at="2017-08-14T09:24:15Z" finished-at="2017-08-14T09:24:23Z">
    <groups>
    </groups>
    <test name="Test" duration-ms="7565" started-at="2017-08-14T09:24:15Z" finished-at="2017-08-14T09:24:23Z">
      <class name="admin.phptravels.Test1">
        <test-method status="PASS" signature="Login(java.lang.String)[pri:0, instance:admin.phptravels.Test1@32d992b2]" name="Login" duration-ms="7543" started-at="2017-08-14T14:54:15Z" description="application is working fine" finished-at="2017-08-14T14:54:23Z">
          <params>
            <param index="0">
              <value>
                <![CDATA[chrome]]>
              </value>
            </param>
          </params>
          <reporter-output>
          </reporter-output>
        </test-method> <!-- Login -->
      </class> <!-- admin.phptravels.Test1 -->
    </test> <!-- Test -->
  </suite> <!-- Suite -->
</testng-results>
