<?xml version="1.0" encoding="UTF-8"?>
<testng-results skipped="0" failed="0" total="1" passed="1">
  <reporter-output>
  </reporter-output>
  <suite name="Default suite" duration-ms="6197" started-at="2017-08-14T08:26:39Z" finished-at="2017-08-14T08:26:45Z">
    <groups>
    </groups>
    <test name="Default test" duration-ms="6197" started-at="2017-08-14T08:26:39Z" finished-at="2017-08-14T08:26:45Z">
      <class name="admin.phptravels.Test1">
        <test-method status="PASS" signature="Login()[pri:0, instance:admin.phptravels.Test1@6d78f375]" name="Login" duration-ms="6179" started-at="2017-08-14T13:56:39Z" finished-at="2017-08-14T13:56:45Z">
          <reporter-output>
          </reporter-output>
        </test-method> <!-- Login -->
      </class> <!-- admin.phptravels.Test1 -->
    </test> <!-- Default test -->
  </suite> <!-- Default suite -->
</testng-results>
